SCALING_SWEEP_START ts=20260312_190400
=== SCALE workers=1 ===
--- WARMUP workers=1 concurrency=10 ---
starting load test url=http://localhost:8000 total_requests=1 concurrency=1
completed requests=1 ok=0 errors=1 error_rate=100.00% duration_s=25.18 rps=0.04
latency_ms p50=25174.2 p95=25174.2 p99=25174.2 mean=25174.2
errors by status: {0: 1}
error_sample_1 status=0 latency_ms=25174.2 msg=Error: timed out
SLO check passed.
--- RUN workers=1 concurrency=10 total=40 ---
starting load test url=http://localhost:8000 total_requests=40 concurrency=10
completed requests=40 ok=0 errors=40 error_rate=100.00% duration_s=100.47 rps=0.40
latency_ms p50=25026.9 p95=25405.4 p99=25475.3 mean=20165.1
errors by status: {0: 32, 503: 8}
error_sample_1 status=0 latency_ms=25289.0 msg=Error: timed out
error_sample_2 status=0 latency_ms=25332.6 msg=Error: timed out
error_sample_3 status=0 latency_ms=25370.7 msg=Error: timed out
error_sample_4 status=0 latency_ms=25362.2 msg=Error: timed out
error_sample_5 status=0 latency_ms=25363.4 msg=Error: timed out
SLO check passed.
--- WARMUP workers=1 concurrency=20 ---
starting load test url=http://localhost:8000 total_requests=1 concurrency=1
completed requests=1 ok=0 errors=1 error_rate=100.00% duration_s=25.21 rps=0.04
latency_ms p50=25194.7 p95=25194.7 p99=25194.7 mean=25194.7
errors by status: {0: 1}
error_sample_1 status=0 latency_ms=25194.7 msg=Error: timed out
SLO check passed.
--- RUN workers=1 concurrency=20 total=40 ---
starting load test url=http://localhost:8000 total_requests=40 concurrency=20
completed requests=40 ok=0 errors=40 error_rate=100.00% duration_s=25.51 rps=1.57
latency_ms p50=606.4 p95=25393.6 p99=25479.0 mean=4828.5
errors by status: {503: 33, 0: 7}
error_sample_1 status=503 latency_ms=725.7 msg=HTTPError: 503
error_sample_2 status=503 latency_ms=683.6 msg=HTTPError: 503
error_sample_3 status=503 latency_ms=606.4 msg=HTTPError: 503
error_sample_4 status=503 latency_ms=674.1 msg=HTTPError: 503
error_sample_5 status=503 latency_ms=722.7 msg=HTTPError: 503
SLO check passed.
--- WARMUP workers=1 concurrency=30 ---
starting load test url=http://localhost:8000 total_requests=1 concurrency=1
completed requests=1 ok=0 errors=1 error_rate=100.00% duration_s=25.15 rps=0.04
latency_ms p50=25146.6 p95=25146.6 p99=25146.6 mean=25146.6
errors by status: {0: 1}
error_sample_1 status=0 latency_ms=25146.6 msg=Error: timed out
SLO check passed.
--- RUN workers=1 concurrency=30 total=40 ---
starting load test url=http://localhost:8000 total_requests=40 concurrency=30
completed requests=40 ok=0 errors=40 error_rate=100.00% duration_s=25.51 rps=1.57
latency_ms p50=747.0 p95=25439.9 p99=25466.1 mean=4293.4
errors by status: {503: 34, 0: 6}
error_sample_1 status=503 latency_ms=393.3 msg=HTTPError: 503
error_sample_2 status=503 latency_ms=720.1 msg=HTTPError: 503
error_sample_3 status=503 latency_ms=749.5 msg=HTTPError: 503
error_sample_4 status=503 latency_ms=766.8 msg=HTTPError: 503
error_sample_5 status=503 latency_ms=337.8 msg=HTTPError: 503
SLO check passed.
=== SCALE workers=2 ===
--- WARMUP workers=2 concurrency=10 ---
starting load test url=http://localhost:8000 total_requests=1 concurrency=1
completed requests=1 ok=0 errors=1 error_rate=100.00% duration_s=25.18 rps=0.04
latency_ms p50=25162.9 p95=25162.9 p99=25162.9 mean=25162.9
errors by status: {0: 1}
error_sample_1 status=0 latency_ms=25162.9 msg=Error: timed out
SLO check passed.
--- RUN workers=2 concurrency=10 total=40 ---
starting load test url=http://localhost:8000 total_requests=40 concurrency=10
completed requests=40 ok=0 errors=40 error_rate=100.00% duration_s=25.66 rps=1.56
latency_ms p50=273.4 p95=25274.1 p99=25344.9 mean=5902.7
errors by status: {503: 31, 0: 9}
error_sample_1 status=503 latency_ms=582.2 msg=HTTPError: 503
error_sample_2 status=503 latency_ms=582.4 msg=HTTPError: 503
error_sample_3 status=503 latency_ms=267.0 msg=HTTPError: 503
error_sample_4 status=503 latency_ms=262.6 msg=HTTPError: 503
error_sample_5 status=503 latency_ms=261.9 msg=HTTPError: 503
SLO check passed.
--- WARMUP workers=2 concurrency=20 ---
starting load test url=http://localhost:8000 total_requests=1 concurrency=1
completed requests=1 ok=0 errors=1 error_rate=100.00% duration_s=25.25 rps=0.04
latency_ms p50=25243.1 p95=25243.1 p99=25243.1 mean=25243.1
errors by status: {0: 1}
error_sample_1 status=0 latency_ms=25243.1 msg=Error: timed out
SLO check passed.
--- RUN workers=2 concurrency=20 total=40 ---
starting load test url=http://localhost:8000 total_requests=40 concurrency=20
completed requests=40 ok=0 errors=40 error_rate=100.00% duration_s=25.80 rps=1.55
latency_ms p50=1048.3 p95=25671.3 p99=25695.0 mean=2645.1
errors by status: {503: 37, 0: 3}
error_sample_1 status=503 latency_ms=1048.3 msg=HTTPError: 503
error_sample_2 status=503 latency_ms=1078.5 msg=HTTPError: 503
error_sample_3 status=503 latency_ms=1208.6 msg=HTTPError: 503
error_sample_4 status=503 latency_ms=1206.8 msg=HTTPError: 503
error_sample_5 status=503 latency_ms=1219.8 msg=HTTPError: 503
SLO check passed.
--- WARMUP workers=2 concurrency=30 ---
starting load test url=http://localhost:8000 total_requests=1 concurrency=1
completed requests=1 ok=0 errors=1 error_rate=100.00% duration_s=25.22 rps=0.04
latency_ms p50=25216.4 p95=25216.4 p99=25216.4 mean=25216.4
errors by status: {0: 1}
error_sample_1 status=0 latency_ms=25216.4 msg=Error: timed out
SLO check passed.
--- RUN workers=2 concurrency=30 total=40 ---
starting load test url=http://localhost:8000 total_requests=40 concurrency=30
completed requests=40 ok=0 errors=40 error_rate=100.00% duration_s=25.93 rps=1.54
latency_ms p50=458.3 p95=25037.6 p99=25857.5 mean=2648.9
errors by status: {503: 37, 0: 3}
error_sample_1 status=503 latency_ms=1251.7 msg=HTTPError: 503
error_sample_2 status=503 latency_ms=400.2 msg=HTTPError: 503
error_sample_3 status=503 latency_ms=406.2 msg=HTTPError: 503
error_sample_4 status=503 latency_ms=385.3 msg=HTTPError: 503
error_sample_5 status=503 latency_ms=402.2 msg=HTTPError: 503
SLO check passed.
=== SCALE workers=4 ===
--- WARMUP workers=4 concurrency=10 ---
starting load test url=http://localhost:8000 total_requests=1 concurrency=1
completed requests=1 ok=0 errors=1 error_rate=100.00% duration_s=25.37 rps=0.04
latency_ms p50=25365.3 p95=25365.3 p99=25365.3 mean=25365.3
errors by status: {0: 1}
error_sample_1 status=0 latency_ms=25365.3 msg=Error: timed out
SLO check passed.
